<?xml version="1.0" encoding="UTF-8"?>
<!-- Generated by org.testng.reporters.JUnitXMLReporter -->
<testsuite ignored="0" hostname="LTIN193849" failures="0" tests="19" name="Test" time="37.042" errors="0" timestamp="2024-02-28T22:46:34 IST">
  <testcase classname="testcase.testcase_zigwheels01" name="mainlog" time="0.417"/>
  <testcase classname="testcase.testcase_zigwheels01" name="getupbikes" time="0.209"/>
  <testcase classname="testcase.testcase_zigwheels01" name="Selectupbikes" time="0.817"/>
  <testcase classname="testcase.testcase_zigwheels01" name="gethonda" time="0.167"/>
  <testcase classname="testcase.testcase_zigwheels01" name="sdrop" time="0.971"/>
  <testcase classname="testcase.testcase_zigwheels01" name="selectingreadmore" time="0.129"/>
  <testcase classname="testcase.testcase_zigwheels01" name="printingreqdetails" time="2.35"/>
  <testcase classname="testcase.testcase_zigwheels01" name="navghp" time="1.058"/>
  <testcase classname="testcase.testcase_zigwheels01" name="popm" time="0.188"/>
  <testcase classname="testcase.testcase_zigwheels01" name="selcityaschn" time="4.313"/>
  <testcase classname="testcase.testcase_zigwheels01" name="scroillingucpm" time="0.04"/>
  <testcase classname="testcase.testcase_zigwheels01" name="printpm" time="0.234"/>
  <testcase classname="testcase.testcase_zigwheels01" name="navghp2" time="1.939"/>
  <testcase classname="testcase.testcase_zigwheels01" name="getlogo" time="0.063"/>
  <testcase classname="testcase.testcase_zigwheels01" name="registering" time="0.924"/>
  <testcase classname="testcase.testcase_zigwheels01" name="selectinggoogle" time="0.342"/>
  <testcase classname="testcase.testcase_zigwheels01" name="reg" time="1.312"/>
  <testcase classname="testcase.testcase_zigwheels01" name="clknb" time="0.902"/>
  <testcase classname="testcase.testcase_zigwheels01" name="getemess" time="0.066"/>
</testsuite> <!-- Test -->
