<?xml version="1.0" encoding="UTF-8"?>
<testng-results ignored="0" total="19" passed="19" failed="0" skipped="0">
  <reporter-output>
  </reporter-output>
  <suite started-at="2024-02-29T11:54:36 IST" name="Suite" finished-at="2024-02-29T11:55:55 IST" duration-ms="78591">
    <groups>
      <group name="regression">
        <method signature="testcase_zigwheels01.mainlog()[pri:1, instance:testcase.testcase_zigwheels01@368f2016]" name="mainlog" class="testcase.testcase_zigwheels01"/>
        <method signature="testcase_zigwheels01.getupbikes()[pri:2, instance:testcase.testcase_zigwheels01@368f2016]" name="getupbikes" class="testcase.testcase_zigwheels01"/>
        <method signature="testcase_zigwheels01.Selectupbikes()[pri:3, instance:testcase.testcase_zigwheels01@368f2016]" name="Selectupbikes" class="testcase.testcase_zigwheels01"/>
        <method signature="testcase_zigwheels01.gethonda()[pri:4, instance:testcase.testcase_zigwheels01@368f2016]" name="gethonda" class="testcase.testcase_zigwheels01"/>
        <method signature="testcase_zigwheels01.sdrop()[pri:5, instance:testcase.testcase_zigwheels01@368f2016]" name="sdrop" class="testcase.testcase_zigwheels01"/>
        <method signature="testcase_zigwheels01.selectingreadmore()[pri:6, instance:testcase.testcase_zigwheels01@368f2016]" name="selectingreadmore" class="testcase.testcase_zigwheels01"/>
        <method signature="testcase_zigwheels01.printingreqdetails()[pri:7, instance:testcase.testcase_zigwheels01@368f2016]" name="printingreqdetails" class="testcase.testcase_zigwheels01"/>
        <method signature="testcase_zigwheels01.navghp()[pri:8, instance:testcase.testcase_zigwheels01@368f2016]" name="navghp" class="testcase.testcase_zigwheels01"/>
        <method signature="testcase_zigwheels01.popm()[pri:9, instance:testcase.testcase_zigwheels01@368f2016]" name="popm" class="testcase.testcase_zigwheels01"/>
        <method signature="testcase_zigwheels01.selcityaschn()[pri:10, instance:testcase.testcase_zigwheels01@368f2016]" name="selcityaschn" class="testcase.testcase_zigwheels01"/>
        <method signature="testcase_zigwheels01.scroillingucpm()[pri:11, instance:testcase.testcase_zigwheels01@368f2016]" name="scroillingucpm" class="testcase.testcase_zigwheels01"/>
        <method signature="testcase_zigwheels01.printpm()[pri:12, instance:testcase.testcase_zigwheels01@368f2016]" name="printpm" class="testcase.testcase_zigwheels01"/>
        <method signature="testcase_zigwheels01.navghp2()[pri:13, instance:testcase.testcase_zigwheels01@368f2016]" name="navghp2" class="testcase.testcase_zigwheels01"/>
        <method signature="testcase_zigwheels01.getlogo()[pri:14, instance:testcase.testcase_zigwheels01@368f2016]" name="getlogo" class="testcase.testcase_zigwheels01"/>
        <method signature="testcase_zigwheels01.registering()[pri:15, instance:testcase.testcase_zigwheels01@368f2016]" name="registering" class="testcase.testcase_zigwheels01"/>
        <method signature="testcase_zigwheels01.selectinggoogle()[pri:16, instance:testcase.testcase_zigwheels01@368f2016]" name="selectinggoogle" class="testcase.testcase_zigwheels01"/>
        <method signature="testcase_zigwheels01.getemess()[pri:19, instance:testcase.testcase_zigwheels01@368f2016]" name="getemess" class="testcase.testcase_zigwheels01"/>
      </group> <!-- regression -->
      <group name="sanity">
        <method signature="testcase_zigwheels01.reg()[pri:17, instance:testcase.testcase_zigwheels01@368f2016]" name="reg" class="testcase.testcase_zigwheels01"/>
        <method signature="testcase_zigwheels01.clknb()[pri:18, instance:testcase.testcase_zigwheels01@368f2016]" name="clknb" class="testcase.testcase_zigwheels01"/>
      </group> <!-- sanity -->
    </groups>
    <test started-at="2024-02-29T11:54:36 IST" name="Test" finished-at="2024-02-29T11:55:55 IST" duration-ms="78591">
      <class name="testcase.testcase_zigwheels01">
        <test-method is-config="true" signature="setup(java.lang.String,java.lang.String)[pri:0, instance:testcase.testcase_zigwheels01@368f2016]" started-at="2024-02-29T11:54:37 IST" name="setup" finished-at="2024-02-29T11:55:09 IST" duration-ms="31919" status="PASS">
          <params>
            <param index="0">
              <value>
                <![CDATA[Windows]]>
              </value>
            </param>
            <param index="1">
              <value>
                <![CDATA[chrome]]>
              </value>
            </param>
          </params>
          <reporter-output>
          </reporter-output>
        </test-method> <!-- setup -->
        <test-method signature="mainlog()[pri:1, instance:testcase.testcase_zigwheels01@368f2016]" started-at="2024-02-29T11:55:09 IST" name="mainlog" finished-at="2024-02-29T11:55:10 IST" duration-ms="284" status="PASS">
          <reporter-output>
          </reporter-output>
        </test-method> <!-- mainlog -->
        <test-method signature="getupbikes()[pri:2, instance:testcase.testcase_zigwheels01@368f2016]" started-at="2024-02-29T11:55:10 IST" name="getupbikes" finished-at="2024-02-29T11:55:11 IST" duration-ms="255" status="PASS">
          <reporter-output>
          </reporter-output>
        </test-method> <!-- getupbikes -->
        <test-method signature="Selectupbikes()[pri:3, instance:testcase.testcase_zigwheels01@368f2016]" started-at="2024-02-29T11:55:11 IST" name="Selectupbikes" finished-at="2024-02-29T11:55:12 IST" duration-ms="1520" status="PASS">
          <reporter-output>
          </reporter-output>
        </test-method> <!-- Selectupbikes -->
        <test-method signature="gethonda()[pri:4, instance:testcase.testcase_zigwheels01@368f2016]" started-at="2024-02-29T11:55:13 IST" name="gethonda" finished-at="2024-02-29T11:55:14 IST" duration-ms="917" status="PASS">
          <reporter-output>
          </reporter-output>
        </test-method> <!-- gethonda -->
        <test-method signature="sdrop()[pri:5, instance:testcase.testcase_zigwheels01@368f2016]" started-at="2024-02-29T11:55:14 IST" name="sdrop" finished-at="2024-02-29T11:55:17 IST" duration-ms="3086" status="PASS">
          <reporter-output>
          </reporter-output>
        </test-method> <!-- sdrop -->
        <test-method signature="selectingreadmore()[pri:6, instance:testcase.testcase_zigwheels01@368f2016]" started-at="2024-02-29T11:55:18 IST" name="selectingreadmore" finished-at="2024-02-29T11:55:20 IST" duration-ms="2681" status="PASS">
          <reporter-output>
          </reporter-output>
        </test-method> <!-- selectingreadmore -->
        <test-method signature="printingreqdetails()[pri:7, instance:testcase.testcase_zigwheels01@368f2016]" started-at="2024-02-29T11:55:21 IST" name="printingreqdetails" finished-at="2024-02-29T11:55:25 IST" duration-ms="3917" status="PASS">
          <reporter-output>
          </reporter-output>
        </test-method> <!-- printingreqdetails -->
        <test-method signature="navghp()[pri:8, instance:testcase.testcase_zigwheels01@368f2016]" started-at="2024-02-29T11:55:25 IST" name="navghp" finished-at="2024-02-29T11:55:27 IST" duration-ms="1984" status="PASS">
          <reporter-output>
          </reporter-output>
        </test-method> <!-- navghp -->
        <test-method signature="popm()[pri:9, instance:testcase.testcase_zigwheels01@368f2016]" started-at="2024-02-29T11:55:28 IST" name="popm" finished-at="2024-02-29T11:55:28 IST" duration-ms="223" status="PASS">
          <reporter-output>
          </reporter-output>
        </test-method> <!-- popm -->
        <test-method signature="selcityaschn()[pri:10, instance:testcase.testcase_zigwheels01@368f2016]" started-at="2024-02-29T11:55:30 IST" name="selcityaschn" finished-at="2024-02-29T11:55:35 IST" duration-ms="4797" status="PASS">
          <reporter-output>
          </reporter-output>
        </test-method> <!-- selcityaschn -->
        <test-method signature="scroillingucpm()[pri:11, instance:testcase.testcase_zigwheels01@368f2016]" started-at="2024-02-29T11:55:35 IST" name="scroillingucpm" finished-at="2024-02-29T11:55:35 IST" duration-ms="65" status="PASS">
          <reporter-output>
          </reporter-output>
        </test-method> <!-- scroillingucpm -->
        <test-method signature="printpm()[pri:12, instance:testcase.testcase_zigwheels01@368f2016]" started-at="2024-02-29T11:55:35 IST" name="printpm" finished-at="2024-02-29T11:55:35 IST" duration-ms="332" status="PASS">
          <reporter-output>
          </reporter-output>
        </test-method> <!-- printpm -->
        <test-method signature="navghp2()[pri:13, instance:testcase.testcase_zigwheels01@368f2016]" started-at="2024-02-29T11:55:36 IST" name="navghp2" finished-at="2024-02-29T11:55:38 IST" duration-ms="1792" status="PASS">
          <reporter-output>
          </reporter-output>
        </test-method> <!-- navghp2 -->
        <test-method signature="getlogo()[pri:14, instance:testcase.testcase_zigwheels01@368f2016]" started-at="2024-02-29T11:55:39 IST" name="getlogo" finished-at="2024-02-29T11:55:39 IST" duration-ms="91" status="PASS">
          <reporter-output>
          </reporter-output>
        </test-method> <!-- getlogo -->
        <test-method signature="registering()[pri:15, instance:testcase.testcase_zigwheels01@368f2016]" started-at="2024-02-29T11:55:40 IST" name="registering" finished-at="2024-02-29T11:55:41 IST" duration-ms="1585" status="PASS">
          <reporter-output>
          </reporter-output>
        </test-method> <!-- registering -->
        <test-method signature="selectinggoogle()[pri:16, instance:testcase.testcase_zigwheels01@368f2016]" started-at="2024-02-29T11:55:42 IST" name="selectinggoogle" finished-at="2024-02-29T11:55:42 IST" duration-ms="564" status="PASS">
          <reporter-output>
          </reporter-output>
        </test-method> <!-- selectinggoogle -->
        <test-method signature="reg()[pri:17, instance:testcase.testcase_zigwheels01@368f2016]" started-at="2024-02-29T11:55:43 IST" name="reg" finished-at="2024-02-29T11:55:46 IST" duration-ms="3846" status="PASS">
          <reporter-output>
          </reporter-output>
        </test-method> <!-- reg -->
        <test-method signature="clknb()[pri:18, instance:testcase.testcase_zigwheels01@368f2016]" started-at="2024-02-29T11:55:47 IST" name="clknb" finished-at="2024-02-29T11:55:48 IST" duration-ms="1018" status="PASS">
          <reporter-output>
          </reporter-output>
        </test-method> <!-- clknb -->
        <test-method signature="getemess()[pri:19, instance:testcase.testcase_zigwheels01@368f2016]" started-at="2024-02-29T11:55:48 IST" name="getemess" finished-at="2024-02-29T11:55:48 IST" duration-ms="127" status="PASS">
          <reporter-output>
          </reporter-output>
        </test-method> <!-- getemess -->
        <test-method is-config="true" signature="tearDown()[pri:0, instance:testcase.testcase_zigwheels01@368f2016]" started-at="2024-02-29T11:55:48 IST" name="tearDown" finished-at="2024-02-29T11:55:55 IST" duration-ms="6686" status="PASS">
          <reporter-output>
          </reporter-output>
        </test-method> <!-- tearDown -->
      </class> <!-- testcase.testcase_zigwheels01 -->
    </test> <!-- Test -->
  </suite> <!-- Suite -->
</testng-results>
